<?xml version="1.0" encoding="UTF-8"?>
<!-- Generated by org.testng.reporters.JUnitReportReporter -->
<testsuite hostname="USER-R9PJEFIB0G" name="miser_interface_test.miser.OrderLisTest" tests="3" failures="0" timestamp="9 May 2016 07:52:38 GMT" time="0.457" errors="0">
  <testcase name="testOrderLis4ArgBlank" time="0.309" classname="miser_interface_test.miser.OrderLisTest"/>
  <testcase name="testOrderLis4ArgError" time="0.086" classname="miser_interface_test.miser.OrderLisTest"/>
  <testcase name="testOrderLisSuccess" time="0.062" classname="miser_interface_test.miser.OrderLisTest"/>
</testsuite> <!-- miser_interface_test.miser.OrderLisTest -->
