<?xml version="1.0" encoding="UTF-8"?>
<!-- Generated by org.testng.reporters.JUnitReportReporter -->
<testsuite hostname="USER-R9PJEFIB0G" name="miser_interface_test.miser.OrderDetailTest" tests="3" failures="0" timestamp="9 May 2016 07:21:35 GMT" time="0.482" errors="0">
  <testcase name="testOrderDetail4ArgBlank" time="0.286" classname="miser_interface_test.miser.OrderDetailTest"/>
  <testcase name="testOrderDetail4ArgError" time="0.100" classname="miser_interface_test.miser.OrderDetailTest"/>
  <testcase name="testOrderDetailSuccess" time="0.096" classname="miser_interface_test.miser.OrderDetailTest"/>
</testsuite> <!-- miser_interface_test.miser.OrderDetailTest -->
