<?xml version="1.0" encoding="UTF-8"?>
<!-- Generated by org.testng.reporters.JUnitReportReporter -->
<testsuite hostname="USER-R9PJEFIB0G" name="miser_interface_test.miser.AppTest" tests="2" failures="0" timestamp="6 May 2016 07:48:55 GMT" time="0.011" errors="0">
  <testcase name="testApp" time="0.010" classname="miser_interface_test.miser.AppTest"/>
  <testcase name="testAppAPP" time="0.001" classname="miser_interface_test.miser.AppTest"/>
</testsuite> <!-- miser_interface_test.miser.AppTest -->
