<?xml version="1.0" encoding="UTF-8"?>
<!-- Generated by org.testng.reporters.JUnitReportReporter -->
<testsuite hostname="USER-R9PJEFIB0G" name="miser_interface_test.miser.LogisticsListTest" tests="1" failures="0" timestamp="9 May 2016 08:55:52 GMT" time="0.512" errors="0">
  <testcase name="testLogisticsListByArgError" time="0.512" classname="miser_interface_test.miser.LogisticsListTest"/>
</testsuite> <!-- miser_interface_test.miser.LogisticsListTest -->
